Start testing: Dec 07 21:12 Томск (зима)
----------------------------------------------------------
3/3 Testing: FilterTest
3/3 Test: FilterTest
Command: "D:/Study/C++/Labs/Lab2/build/tests.exe" "--gtest_filter=FilterTest.FirstByteEqualTo1"
Directory: D:/Study/C++/Labs/Lab2/build
"FilterTest" start time: Dec 07 21:12 Томск (зима)
Output:
----------------------------------------------------------
Running main() from D:/Study/C++/Labs/Lab2/external/googletest/googletest/src/gtest_main.cc
Note: Google Test filter = FilterTest.FirstByteEqualTo1
[==========] Running 1 test from 1 test suite.
[----------] Global test environment set-up.
[----------] 1 test from FilterTest
[ RUN      ] FilterTest.FirstByteEqualTo1
[       OK ] FilterTest.FirstByteEqualTo1 (0 ms)
[----------] 1 test from FilterTest (0 ms total)

[----------] Global test environment tear-down
[==========] 1 test from 1 test suite ran. (0 ms total)
[  PASSED  ] 1 test.
<end of output>
Test time =   0.01 sec
----------------------------------------------------------
Test Passed.
"FilterTest" end time: Dec 07 21:12 Томск (зима)
"FilterTest" time elapsed: 00:00:00
----------------------------------------------------------

End testing: Dec 07 21:12 Томск (зима)
