<?xml version="1.0" encoding="UTF-8"?>
<Site BuildName="Win32-ninja"
	BuildStamp="20241207-0003-Experimental"
	Name="LEGION"
	Generator="ctest-3.30.1"
	CompilerName="C:/msys64/mingw64/bin/c++.exe"
	CompilerVersion="14.1.0"
	OSName="Windows"
	Hostname="LEGION"
	OSRelease=" Professional"
	OSVersion=" (Build 26100)"
	OSPlatform="AMD64"
	Is64Bits="1"
	VendorString=""
	VendorID="Unknown Manufacturer"
	FamilyID="0"
	ModelID="0"
	ProcessorCacheSize="0"
	NumberOfLogicalCPU="8"
	NumberOfPhysicalCPU="4"
	TotalVirtualMemory="17408"
	TotalPhysicalMemory="16256"
	LogicalProcessorsPerPhysical="2"
	ProcessorClockFrequency="2304"
	>
	<Testing>
		<StartDateTime>Dec 07 21:12 [NON-UTF-8-BYTE-0xD2][NON-UTF-8-BYTE-0xEE][NON-UTF-8-BYTE-0xEC][NON-UTF-8-BYTE-0xF1][NON-UTF-8-BYTE-0xEA] ([NON-UTF-8-BYTE-0xE7][NON-UTF-8-BYTE-0xE8][NON-UTF-8-BYTE-0xEC][NON-UTF-8-BYTE-0xE0])</StartDateTime>
		<StartTestTime>1733580748</StartTestTime>
		<TestList>
			<Test>./FilterTest</Test>
		</TestList>
		<Test Status="passed">
			<Name>FilterTest</Name>
			<Path>.</Path>
			<FullName>./FilterTest</FullName>
			<FullCommandLine>D:\Study\C++\Labs\Lab2\build\tests.exe "--gtest_filter=FilterTest.FirstByteEqualTo1"</FullCommandLine>
			<Results>
				<NamedMeasurement type="numeric/double" name="Execution Time">
					<Value>0.0098312</Value>
				</NamedMeasurement>
				<NamedMeasurement type="numeric/double" name="Processors">
					<Value>1</Value>
				</NamedMeasurement>
				<NamedMeasurement type="text/string" name="Completion Status">
					<Value>Completed</Value>
				</NamedMeasurement>
				<NamedMeasurement type="text/string" name="Command Line">
					<Value>D:\Study\C++\Labs\Lab2\build\tests.exe "--gtest_filter=FilterTest.FirstByteEqualTo1"</Value>
				</NamedMeasurement>
				<NamedMeasurement type="text/string" name="Environment">
					<Value>#CTEST_RESOURCE_GROUP_COUNT=</Value>
				</NamedMeasurement>
				<Measurement>
					<Value encoding="base64" compression="gzip">eJyNkE9vwjAMxe/5FD5SoSZjRyQO2/hzYGJTy05VNYViqkhpwhJnG99+TYsYTJrAh+gp/un52VkwRpkaGqnMIIGdsw1MxyKnsD2Ip+FQPMuNj8+9wG9CZ6QWtbW1RkJP59K7StRRvUcvXlVsZQnHsOgQWLcd2CndesAE5p2If3yunKfHA+HsI0i9tiNWTE5VQnYMOALqHGLAo/ZBEXJWpKcqYaHtRuq+j+ZTOWsaNC2LlIb9H/jc8zcRKyB7W0FX5ZWkPQUvyyskDO6g8ckt43sUyJLUCbttO0Lp0q39Mpe3++9m4KThl3PaTV4f8nw2jTv3LGc/h/KtYA==</Value>
				</Measurement>
			</Results>
		</Test>
		<EndDateTime>Dec 07 21:12 [NON-UTF-8-BYTE-0xD2][NON-UTF-8-BYTE-0xEE][NON-UTF-8-BYTE-0xEC][NON-UTF-8-BYTE-0xF1][NON-UTF-8-BYTE-0xEA] ([NON-UTF-8-BYTE-0xE7][NON-UTF-8-BYTE-0xE8][NON-UTF-8-BYTE-0xEC][NON-UTF-8-BYTE-0xE0])</EndDateTime>
		<EndTestTime>1733580748</EndTestTime>
		<ElapsedMinutes>0</ElapsedMinutes>
	</Testing>
</Site>
